  GameLoop.cpp
c1xx : warning C4199: two-phase name lookup is not supported for C++/CLI, C++/CX, or OpenMP; use /Zc:twoPhase-
c:\users\chineko\desktop\openvsrg\openvsrg\sfml-2.5.1\sfml test\sfml test\gameloop.cpp(23): warning C4244: 'argument': conversion from 'float' to 'unsigned int', possible loss of data
c:\users\chineko\desktop\openvsrg\openvsrg\sfml-2.5.1\sfml test\sfml test\gameloop.cpp(98): warning C4244: 'initializing': conversion from 'T' to 'float', possible loss of data
          with
          [
              T=unsigned int
          ]
c:\users\chineko\desktop\openvsrg\openvsrg\sfml-2.5.1\sfml test\sfml test\gameloop.cpp(99): warning C4244: 'initializing': conversion from 'T' to 'float', possible loss of data
          with
          [
              T=unsigned int
          ]
c:\users\chineko\desktop\openvsrg\openvsrg\sfml-2.5.1\sfml test\sfml test\gameloop.cpp(159): warning C4244: 'argument': conversion from 'float' to 'sf::Uint8', possible loss of data
c:\users\chineko\desktop\openvsrg\openvsrg\sfml-2.5.1\sfml test\sfml test\gameloop.cpp(440): warning C4244: 'argument': conversion from 'int' to 'float', possible loss of data
  OpenVSRG_Textures.cpp
c1xx : warning C4199: two-phase name lookup is not supported for C++/CLI, C++/CX, or OpenMP; use /Zc:twoPhase-
  OpenVSRG_Note.cpp
c1xx : warning C4199: two-phase name lookup is not supported for C++/CLI, C++/CX, or OpenMP; use /Zc:twoPhase-
  OpenVSRG_NotePool.cpp
c1xx : warning C4199: two-phase name lookup is not supported for C++/CLI, C++/CX, or OpenMP; use /Zc:twoPhase-
c:\users\chineko\desktop\openvsrg\openvsrg\sfml-2.5.1\sfml test\sfml test\openvsrg_notepool.cpp(63): warning C4154: deletion of an array expression; conversion to pointer supplied
  InputHandling.cpp
c1xx : warning C4199: two-phase name lookup is not supported for C++/CLI, C++/CX, or OpenMP; use /Zc:twoPhase-
  Receptor.cpp
c1xx : warning C4199: two-phase name lookup is not supported for C++/CLI, C++/CX, or OpenMP; use /Zc:twoPhase-
  Score_Handler.cpp
c1xx : warning C4199: two-phase name lookup is not supported for C++/CLI, C++/CX, or OpenMP; use /Zc:twoPhase-
c:\users\chineko\desktop\openvsrg\openvsrg\sfml-2.5.1\sfml test\sfml test\score_handler.cpp(121): warning C4244: 'argument': conversion from 'float' to 'unsigned int', possible loss of data
c:\users\chineko\desktop\openvsrg\openvsrg\sfml-2.5.1\sfml test\sfml test\score_handler.cpp(122): warning C4244: 'argument': conversion from 'float' to 'unsigned int', possible loss of data
c:\users\chineko\desktop\openvsrg\openvsrg\sfml-2.5.1\sfml test\sfml test\score_handler.cpp(123): warning C4244: 'argument': conversion from 'float' to 'unsigned int', possible loss of data
c:\users\chineko\desktop\openvsrg\openvsrg\sfml-2.5.1\sfml test\sfml test\score_handler.cpp(124): warning C4244: 'argument': conversion from 'float' to 'unsigned int', possible loss of data
c:\users\chineko\desktop\openvsrg\openvsrg\sfml-2.5.1\sfml test\sfml test\score_handler.cpp(125): warning C4244: 'argument': conversion from 'float' to 'unsigned int', possible loss of data
c:\users\chineko\desktop\openvsrg\openvsrg\sfml-2.5.1\sfml test\sfml test\score_handler.cpp(126): warning C4244: 'argument': conversion from 'float' to 'unsigned int', possible loss of data
c:\users\chineko\desktop\openvsrg\openvsrg\sfml-2.5.1\sfml test\sfml test\score_handler.cpp(127): warning C4244: 'argument': conversion from 'float' to 'unsigned int', possible loss of data
c:\users\chineko\desktop\openvsrg\openvsrg\sfml-2.5.1\sfml test\sfml test\score_handler.cpp(128): warning C4244: 'argument': conversion from 'float' to 'unsigned int', possible loss of data
c:\users\chineko\desktop\openvsrg\openvsrg\sfml-2.5.1\sfml test\sfml test\score_handler.cpp(129): warning C4244: 'argument': conversion from 'float' to 'unsigned int', possible loss of data
c:\users\chineko\desktop\openvsrg\openvsrg\sfml-2.5.1\sfml test\sfml test\score_handler.cpp(130): warning C4244: 'argument': conversion from 'float' to 'unsigned int', possible loss of data
c:\users\chineko\desktop\openvsrg\openvsrg\sfml-2.5.1\sfml test\sfml test\score_handler.cpp(131): warning C4244: 'argument': conversion from 'float' to 'unsigned int', possible loss of data
c:\users\chineko\desktop\openvsrg\openvsrg\sfml-2.5.1\sfml test\sfml test\score_handler.cpp(133): warning C4244: 'argument': conversion from 'float' to 'unsigned int', possible loss of data
c:\users\chineko\desktop\openvsrg\openvsrg\sfml-2.5.1\sfml test\sfml test\score_handler.cpp(134): warning C4244: 'argument': conversion from 'float' to 'unsigned int', possible loss of data
c:\users\chineko\desktop\openvsrg\openvsrg\sfml-2.5.1\sfml test\sfml test\score_handler.cpp(135): warning C4244: 'argument': conversion from 'float' to 'unsigned int', possible loss of data
c:\users\chineko\desktop\openvsrg\openvsrg\sfml-2.5.1\sfml test\sfml test\score_handler.cpp(136): warning C4244: 'argument': conversion from 'float' to 'unsigned int', possible loss of data
c:\users\chineko\desktop\openvsrg\openvsrg\sfml-2.5.1\sfml test\sfml test\score_handler.cpp(137): warning C4244: 'argument': conversion from 'float' to 'unsigned int', possible loss of data
c:\users\chineko\desktop\openvsrg\openvsrg\sfml-2.5.1\sfml test\sfml test\score_handler.cpp(138): warning C4244: 'argument': conversion from 'float' to 'unsigned int', possible loss of data
c:\users\chineko\desktop\openvsrg\openvsrg\sfml-2.5.1\sfml test\sfml test\score_handler.cpp(227): warning C4244: 'argument': conversion from 'double' to 'T', possible loss of data
          with
          [
              T=float
          ]
c:\users\chineko\desktop\openvsrg\openvsrg\sfml-2.5.1\sfml test\sfml test\score_handler.cpp(228): warning C4244: 'argument': conversion from 'double' to 'float', possible loss of data
c:\users\chineko\desktop\openvsrg\openvsrg\sfml-2.5.1\sfml test\sfml test\score_handler.cpp(235): warning C4244: 'argument': conversion from 'double' to 'T', possible loss of data
          with
          [
              T=float
          ]
c:\users\chineko\desktop\openvsrg\openvsrg\sfml-2.5.1\sfml test\sfml test\score_handler.cpp(252): warning C4244: 'argument': conversion from 'double' to 'float', possible loss of data
c:\users\chineko\desktop\openvsrg\openvsrg\sfml-2.5.1\sfml test\sfml test\score_handler.cpp(394): warning C4244: 'argument': conversion from 'double' to 'T', possible loss of data
          with
          [
              T=float
          ]
c:\users\chineko\desktop\openvsrg\openvsrg\sfml-2.5.1\sfml test\sfml test\score_handler.cpp(457): warning C4244: 'argument': conversion from 'float' to 'unsigned int', possible loss of data
c:\users\chineko\desktop\openvsrg\openvsrg\sfml-2.5.1\sfml test\sfml test\score_handler.cpp(459): warning C4244: 'argument': conversion from 'double' to 'T', possible loss of data
          with
          [
              T=float
          ]
c:\users\chineko\desktop\openvsrg\openvsrg\sfml-2.5.1\sfml test\sfml test\score_handler.cpp(461): warning C4244: 'argument': conversion from 'float' to 'unsigned int', possible loss of data
c:\users\chineko\desktop\openvsrg\openvsrg\sfml-2.5.1\sfml test\sfml test\score_handler.cpp(604): warning C4244: 'argument': conversion from 'float' to 'sf::Uint8', possible loss of data
c:\users\chineko\desktop\openvsrg\openvsrg\sfml-2.5.1\sfml test\sfml test\score_handler.cpp(605): warning C4244: 'argument': conversion from 'float' to 'T', possible loss of data
          with
          [
              T=int
          ]
  AnimatedArt.cpp
c1xx : warning C4199: two-phase name lookup is not supported for C++/CLI, C++/CX, or OpenMP; use /Zc:twoPhase-
c:\users\chineko\desktop\openvsrg\openvsrg\sfml-2.5.1\openvsrg\openvsrg\animatedart.cpp(16): warning C4244: 'argument': conversion from 'int' to 'float', possible loss of data
c:\users\chineko\desktop\openvsrg\openvsrg\sfml-2.5.1\openvsrg\openvsrg\animatedart.cpp(18): warning C4244: 'argument': conversion from 'T' to 'float', possible loss of data
          with
          [
              T=unsigned int
          ]
c:\users\chineko\desktop\openvsrg\openvsrg\sfml-2.5.1\openvsrg\openvsrg\animatedart.cpp(39): warning C4244: 'argument': conversion from 'T' to 'float', possible loss of data
          with
          [
              T=unsigned int
          ]
c:\users\chineko\desktop\openvsrg\openvsrg\sfml-2.5.1\openvsrg\openvsrg\animatedart.cpp(123): warning C4244: 'argument': conversion from 'float' to 'unsigned int', possible loss of data
c:\users\chineko\desktop\openvsrg\openvsrg\sfml-2.5.1\openvsrg\openvsrg\animatedart.cpp(153): warning C4244: '=': conversion from 'T' to 'float', possible loss of data
          with
          [
              T=unsigned int
          ]
c:\users\chineko\desktop\openvsrg\openvsrg\sfml-2.5.1\openvsrg\openvsrg\animatedart.cpp(154): warning C4244: '=': conversion from 'double' to 'float', possible loss of data
c:\users\chineko\desktop\openvsrg\openvsrg\sfml-2.5.1\openvsrg\openvsrg\animatedart.cpp(155): warning C4305: '=': truncation from 'double' to 'float'
c:\users\chineko\desktop\openvsrg\openvsrg\sfml-2.5.1\openvsrg\openvsrg\animatedart.cpp(236): warning C4244: 'initializing': conversion from 'int' to 'float', possible loss of data
c:\users\chineko\desktop\openvsrg\openvsrg\sfml-2.5.1\openvsrg\openvsrg\animatedart.cpp(327): warning C4244: 'argument': conversion from 'float' to 'unsigned int', possible loss of data
  Animation.cpp
c1xx : warning C4199: two-phase name lookup is not supported for C++/CLI, C++/CX, or OpenMP; use /Zc:twoPhase-
  Config.cpp
c1xx : warning C4199: two-phase name lookup is not supported for C++/CLI, C++/CX, or OpenMP; use /Zc:twoPhase-
c:\users\chineko\desktop\openvsrg\openvsrg\sfml-2.5.1\openvsrg\openvsrg\config.cpp(60): warning C4267: '=': conversion from 'size_t' to 'int', possible loss of data
c:\users\chineko\desktop\openvsrg\openvsrg\sfml-2.5.1\openvsrg\openvsrg\config.cpp(61): warning C4267: '=': conversion from 'size_t' to 'int', possible loss of data
  MainLoop.cpp
c1xx : warning C4199: two-phase name lookup is not supported for C++/CLI, C++/CX, or OpenMP; use /Zc:twoPhase-
  Shape_OpenVSRG.cpp
c1xx : warning C4199: two-phase name lookup is not supported for C++/CLI, C++/CX, or OpenMP; use /Zc:twoPhase-
c:\users\chineko\desktop\openvsrg\openvsrg\sfml-2.5.1\openvsrg\openvsrg\shape_openvsrg.cpp(103): warning C4244: 'argument': conversion from 'T' to 'float', possible loss of data
          with
          [
              T=unsigned int
          ]
c:\users\chineko\desktop\openvsrg\openvsrg\sfml-2.5.1\openvsrg\openvsrg\shape_openvsrg.cpp(195): warning C4244: 'argument': conversion from 'float' to 'T', possible loss of data
          with
          [
              T=int
          ]
c:\users\chineko\desktop\openvsrg\openvsrg\sfml-2.5.1\openvsrg\openvsrg\shape_openvsrg.cpp(201): warning C4244: 'argument': conversion from 'float' to 'T', possible loss of data
          with
          [
              T=int
          ]
c:\users\chineko\desktop\openvsrg\openvsrg\sfml-2.5.1\openvsrg\openvsrg\shape_openvsrg.cpp(223): warning C4244: 'argument': conversion from 'int' to 'float', possible loss of data
c:\users\chineko\desktop\openvsrg\openvsrg\sfml-2.5.1\openvsrg\openvsrg\shape_openvsrg.cpp(800): warning C4244: 'argument': conversion from 'float' to 'unsigned int', possible loss of data
c:\users\chineko\desktop\openvsrg\openvsrg\sfml-2.5.1\openvsrg\openvsrg\shape_openvsrg.cpp(863): warning C4244: 'argument': conversion from 'T' to 'T', possible loss of data
          with
          [
              T=unsigned int
          ]
          and
          [
              T=float
          ]
c:\users\chineko\desktop\openvsrg\openvsrg\sfml-2.5.1\openvsrg\openvsrg\shape_openvsrg.cpp(872): warning C4244: 'argument': conversion from 'float' to 'unsigned int', possible loss of data
c:\users\chineko\desktop\openvsrg\openvsrg\sfml-2.5.1\openvsrg\openvsrg\shape_openvsrg.cpp(878): warning C4244: 'argument': conversion from 'float' to 'unsigned int', possible loss of data
c:\users\chineko\desktop\openvsrg\openvsrg\sfml-2.5.1\openvsrg\openvsrg\shape_openvsrg.cpp(883): warning C4244: 'argument': conversion from 'float' to 'unsigned int', possible loss of data
  SimFile.cpp
c1xx : warning C4199: two-phase name lookup is not supported for C++/CLI, C++/CX, or OpenMP; use /Zc:twoPhase-
c:\users\chineko\desktop\openvsrg\openvsrg\sfml-2.5.1\openvsrg\openvsrg\simfile.cpp(104): warning C4244: '=': conversion from 'double' to 'float', possible loss of data
c:\users\chineko\desktop\openvsrg\openvsrg\sfml-2.5.1\openvsrg\openvsrg\simfile.cpp(113): warning C4244: '=': conversion from 'double' to 'float', possible loss of data
c:\users\chineko\desktop\openvsrg\openvsrg\sfml-2.5.1\openvsrg\openvsrg\simfile.cpp(122): warning C4244: '=': conversion from 'double' to 'float', possible loss of data
c:\users\chineko\desktop\openvsrg\openvsrg\sfml-2.5.1\openvsrg\openvsrg\simfile.cpp(131): warning C4244: '=': conversion from 'double' to 'float', possible loss of data
c:\users\chineko\desktop\openvsrg\openvsrg\sfml-2.5.1\openvsrg\openvsrg\simfile.cpp(167): warning C4267: '=': conversion from 'size_t' to 'int', possible loss of data
c:\users\chineko\desktop\openvsrg\openvsrg\sfml-2.5.1\openvsrg\openvsrg\simfile.cpp(168): warning C4267: '=': conversion from 'size_t' to 'int', possible loss of data
c:\users\chineko\desktop\openvsrg\openvsrg\sfml-2.5.1\openvsrg\openvsrg\simfile.cpp(177): warning C4267: '=': conversion from 'size_t' to 'int', possible loss of data
c:\users\chineko\desktop\openvsrg\openvsrg\sfml-2.5.1\openvsrg\openvsrg\simfile.cpp(178): warning C4267: '=': conversion from 'size_t' to 'int', possible loss of data
c:\users\chineko\desktop\openvsrg\openvsrg\sfml-2.5.1\openvsrg\openvsrg\simfile.cpp(187): warning C4267: '=': conversion from 'size_t' to 'int', possible loss of data
c:\users\chineko\desktop\openvsrg\openvsrg\sfml-2.5.1\openvsrg\openvsrg\simfile.cpp(283): warning C4267: '=': conversion from 'size_t' to 'int', possible loss of data
c:\users\chineko\desktop\openvsrg\openvsrg\sfml-2.5.1\openvsrg\openvsrg\simfile.cpp(318): warning C4267: '=': conversion from 'size_t' to 'int', possible loss of data
c:\users\chineko\desktop\openvsrg\openvsrg\sfml-2.5.1\openvsrg\openvsrg\simfile.cpp(330): warning C4267: 'initializing': conversion from 'size_t' to 'int', possible loss of data
c:\users\chineko\desktop\openvsrg\openvsrg\sfml-2.5.1\openvsrg\openvsrg\simfile.cpp(343): warning C4267: 'initializing': conversion from 'size_t' to 'int', possible loss of data
  Sound.cpp
c1xx : warning C4199: two-phase name lookup is not supported for C++/CLI, C++/CX, or OpenMP; use /Zc:twoPhase-
  Generating Code...
c:\users\chineko\desktop\openvsrg\openvsrg\sfml-2.5.1\openvsrg\openvsrg\simfile.cpp(162): warning C4715: 'SimFile::isPoliBPM': not all control paths return a value
c:\users\chineko\desktop\openvsrg\openvsrg\sfml-2.5.1\openvsrg\openvsrg\shape_openvsrg.cpp(89): warning C4793: 'Shape_Menu::Shape_Menu': function compiled as native:
  	varargs not supported under /clr
c:\users\chineko\desktop\openvsrg\openvsrg\sfml-2.5.1\openvsrg\openvsrg\shape_openvsrg.cpp(96): warning C4793: 'Shape_Menu::Shape_Menu': function compiled as native:
  	Found an intrinsic not supported in managed code
c:\users\chineko\desktop\openvsrg\openvsrg\sfml-2.5.1\openvsrg\openvsrg\shape_openvsrg.cpp(100): warning C4793: 'Shape_Menu::Shape_Menu': function compiled as native:
  	Found an intrinsic not supported in managed code
c:\users\chineko\desktop\openvsrg\openvsrg\sfml-2.5.1\openvsrg\openvsrg\shape_openvsrg.cpp(105): warning C4793: 'Shape_Menu::Shape_Menu': function compiled as native:
  	Found an intrinsic not supported in managed code
c:\users\chineko\desktop\openvsrg\openvsrg\sfml-2.5.1\openvsrg\openvsrg\shape_openvsrg.cpp(469): warning C4793: 'Text_menu_line::Text_menu_line': function compiled as native:
  	varargs not supported under /clr
c:\users\chineko\desktop\openvsrg\openvsrg\sfml-2.5.1\openvsrg\openvsrg\shape_openvsrg.cpp(473): warning C4793: 'Text_menu_line::Text_menu_line': function compiled as native:
  	Found an intrinsic not supported in managed code
c:\users\chineko\desktop\openvsrg\openvsrg\sfml-2.5.1\openvsrg\openvsrg\shape_openvsrg.cpp(476): warning C4793: 'Text_menu_line::Text_menu_line': function compiled as native:
  	Found an intrinsic not supported in managed code
c:\users\chineko\desktop\openvsrg\openvsrg\sfml-2.5.1\openvsrg\openvsrg\shape_openvsrg.cpp(478): warning C4793: 'Text_menu_line::Text_menu_line': function compiled as native:
  	Found an intrinsic not supported in managed code
  .NETFramework,Version=v4.0.AssemblyAttributes.cpp
c1xx : warning C4199: two-phase name lookup is not supported for C++/CLI, C++/CX, or OpenMP; use /Zc:twoPhase-
  LINK : /LTCG specified but no code generation required; remove /LTCG from the link command line to improve linker performance
  OpenVSRG.vcxproj -> C:\Users\Chineko\Desktop\OpenVSRG\OpenVSRG\SFML-2.5.1\OpenVSRG\x64\Release\OpenVSRG.exe
